# file opened: IMGMC.asm
 1    0000              ; IMGMC.asm - MC-accelerated HD61830 LCD blast
 2    0000              ; Z80 source equivalent of gen_imgmc.py
 3    0000              ; By Kayto April 2026
 4    0000              ;
 5    0000              ; Assembler: compatible with Pasmo / SJASM+  (Intel-style, H-suffix hex)
 6    0000              ;
 7    0000              ; MC loaded at F605H (62981) by BASIC POKE loop (30 bytes).
 8    0000              ; No parameter block - HL and DE are hard-coded.
 9    0000              ;
10    0000              ; Phase 1 (BASIC): bit-reversed image data POKEd into RAM at C000H (1920 bytes).
11    0000              ; Phase 2 (MC):    this routine blasts the buffer to the HD61830 via I/O.
12    0000              ;
13    0000              ; Writes entire 240x64 LCD (1920 bytes = 30 cols * 64 rows) in ~13ms.
14    0000              ; Note: HD61830 auto-increments its display address register after each
15    0000              ; CMD_WRITE data byte - no set_cursor call needed per byte.
16    0000
17    0000              ROUTINE_BASE    EQU     0F605H
18    0000              BUF_ADDR        EQU     0C000H          ; image buffer in RAM
19    0000              BUF_LEN         EQU     0780H           ; 1920 = 30*64
20    0000
21    0000              LCD_DATA        EQU     20H             ; HD61830 data port
22    0000              LCD_CMD         EQU     21H             ; HD61830 command/status port
23    0000              CMD_WRITE       EQU     0CH             ; HD61830 cmd: write display data
24    0000
25    0000                              ORG     ROUTINE_BASE
26    F605
27    F605 21 00 C0                     LD      HL,BUF_ADDR     ; source: image buffer
28    F608 11 80 07                     LD      DE,BUF_LEN      ; byte count: 1920
29    F60B
30    F60B              ; wait_busy is inlined at both call sites (saves 2 bytes vs CALL+subroutine)
31    F60B              blast_loop:
32    F60B DB 21        busy1:          IN      A,(LCD_CMD)     ; poll HD61830 status: bit 7 = busy
33    F60D 07                           RLCA
34    F60E 38 FB                        JR      C,busy1         ; loop while busy (offset -5)
35    F610 3E 0C                        LD      A,CMD_WRITE     ; cmd: write display data
36    F612 D3 21                        OUT     (LCD_CMD),A
37    F614 DB 21        busy2:          IN      A,(LCD_CMD)     ; poll again before data write
38    F616 07                           RLCA
39    F617 38 FB                        JR      C,busy2         ; loop while busy (offset -5)
40    F619 7E                           LD      A,(HL)          ; next byte from buffer
41    F61A D3 20                        OUT     (LCD_DATA),A
42    F61C 23                           INC     HL
43    F61D 1B                           DEC     DE
44    F61E 7A                           LD      A,D
45    F61F B3                           OR      E
46    F620 20 E9                        JR      NZ,blast_loop   ; loop until DE = 0  (offset -23)
47    F622 C9                           RET
48    F623
# file closed: IMGMC.asm
